
> frontend@0.0.0 dev
> vite

[2m10:52:01 pm[22m [36m[1m[vite][22m[39m [90m[2m(client)[22m[39m Re-optimizing dependencies because lockfile has changed

  [32m[1mVITE[22m v8.0.9[39m  [2mready in [0m[1m440[22m[2m[0m ms[22m

  [32m➜[39m  [1mLocal[22m:   [36mhttp://localhost:[1m5173[22m/[39m
[2m  [32m➜[39m  [1mNetwork[22m[2m: use [22m[1m--host[22m[2m to expose[22m
[2m10:57:37 pm[22m [36m[1m[vite][22m[39m [90m[2m(client)[22m[39m [32mpage reload [39m[2mindex.html[22m
[2m10:57:37 pm[22m [36m[1m[vite][22m[39m [32mvite.config.js changed, restarting server...[39m
[2m10:57:37 pm[22m [36m[1m[vite][22m[39m server restarted.
[2m10:58:44 pm[22m [31m[1m[vite][22m[39m [31m[2m(client)[22m[39m Pre-transform error: Failed to resolve import "canvas-confetti" from "src/components/Chat.jsx". Does the file exist?
  Plugin: [35mvite:import-analysis[39m
  File: [36mC:/Users/princ/Desktop/anti gravity project/frontend/src/components/Chat.jsx[39m:12:21
[33m  10 |  import FileGallery from "./FileGallery";
  11 |  import RoomStats from "./RoomStats";
  12 |  import confetti from "canvas-confetti";
     |                        ^
  13 |  import "./Chat.css";
  14 |  var _jsxFileName = "C:/Users/princ/Desktop/anti gravity project/frontend/src/components/Chat.jsx";[39m
[2m10:58:44 pm[22m [31m[1m[vite][22m[39m [31m[2m(client)[22m[39m Pre-transform error: Failed to resolve import "canvas-confetti" from "src/components/Chat.jsx". Does the file exist?
  Plugin: [35mvite:import-analysis[39m
  File: [36mC:/Users/princ/Desktop/anti gravity project/frontend/src/components/Chat.jsx[39m:12:21
[33m  10 |  import FileGallery from "./FileGallery";
  11 |  import RoomStats from "./RoomStats";
  12 |  import confetti from "canvas-confetti";
     |                        ^
  13 |  import "./Chat.css";
  14 |  var _jsxFileName = "C:/Users/princ/Desktop/anti gravity project/frontend/src/components/Chat.jsx";[39m
[2m10:58:44 pm[22m [31m[1m[vite][22m[39m [31m[2m(client)[22m[39m Pre-transform error: Failed to resolve import "recharts" from "src/components/RoomStats.jsx". Does the file exist?
  Plugin: [35mvite:import-analysis[39m
  File: [36mC:/Users/princ/Desktop/anti gravity project/frontend/src/components/RoomStats.jsx[39m:3:95
[33m  1  |  import React, { useState, useEffect } from "react";
  2  |  import { X, MessageSquare, Users, Award, BarChart3, TrendingUp } from "lucide-react";
  3  |  import { BarChart, Bar, XAxis, YAxis, CartesianGrid, Tooltip, ResponsiveContainer, Cell } from "recharts";
     |                                                                                                  ^
  4  |  import "./RoomStats.css";
  5  |  var _jsxFileName = "C:/Users/princ/Desktop/anti gravity project/frontend/src/components/RoomStats.jsx";[39m
[2m10:58:44 pm[22m [31m[1m[vite][22m[39m [31m[2m(client)[22m[39m Pre-transform error: Failed to resolve import "recharts" from "src/components/RoomStats.jsx". Does the file exist?
  Plugin: [35mvite:import-analysis[39m
  File: [36mC:/Users/princ/Desktop/anti gravity project/frontend/src/components/RoomStats.jsx[39m:3:95
[33m  1  |  import React, { useState, useEffect } from "react";
  2  |  import { X, MessageSquare, Users, Award, BarChart3, TrendingUp } from "lucide-react";
  3  |  import { BarChart, Bar, XAxis, YAxis, CartesianGrid, Tooltip, ResponsiveContainer, Cell } from "recharts";
     |                                                                                                  ^
  4  |  import "./RoomStats.css";
  5  |  var _jsxFileName = "C:/Users/princ/Desktop/anti gravity project/frontend/src/components/RoomStats.jsx";[39m
[2m10:58:45 pm[22m [31m[1m[vite][22m[39m [31m[2m(client)[22m[39m Pre-transform error: Failed to resolve import "canvas-confetti" from "src/components/Chat.jsx". Does the file exist?
  Plugin: [35mvite:import-analysis[39m
  File: [36mC:/Users/princ/Desktop/anti gravity project/frontend/src/components/Chat.jsx[39m:12:21
[33m  10 |  import FileGallery from "./FileGallery";
  11 |  import RoomStats from "./RoomStats";
  12 |  import confetti from "canvas-confetti";
     |                        ^
  13 |  import "./Chat.css";
  14 |  var _jsxFileName = "C:/Users/princ/Desktop/anti gravity project/frontend/src/components/Chat.jsx";[39m
[2m10:58:45 pm[22m [31m[1m[vite][22m[39m [31mInternal server error: Failed to resolve import "canvas-confetti" from "src/components/Chat.jsx". Does the file exist?[39m
  Plugin: [35mvite:import-analysis[39m
  File: [36mC:/Users/princ/Desktop/anti gravity project/frontend/src/components/Chat.jsx[39m:12:21
[33m  10 |  import FileGallery from "./FileGallery";
  11 |  import RoomStats from "./RoomStats";
  12 |  import confetti from "canvas-confetti";
     |                        ^
  13 |  import "./Chat.css";
  14 |  var _jsxFileName = "C:/Users/princ/Desktop/anti gravity project/frontend/src/components/Chat.jsx";[39m
      at TransformPluginContext._formatLog (file:///C:/Users/princ/Desktop/anti%20gravity%20project/frontend/node_modules/vite/dist/node/chunks/node.js:30352:39)
      at TransformPluginContext.error (file:///C:/Users/princ/Desktop/anti%20gravity%20project/frontend/node_modules/vite/dist/node/chunks/node.js:30349:14)
      at normalizeUrl (file:///C:/Users/princ/Desktop/anti%20gravity%20project/frontend/node_modules/vite/dist/node/chunks/node.js:27631:18)
      at async file:///C:/Users/princ/Desktop/anti%20gravity%20project/frontend/node_modules/vite/dist/node/chunks/node.js:27694:30
      at async Promise.all (index 11)
      at async TransformPluginContext.transform (file:///C:/Users/princ/Desktop/anti%20gravity%20project/frontend/node_modules/vite/dist/node/chunks/node.js:27662:4)
      at async EnvironmentPluginContainer.transform (file:///C:/Users/princ/Desktop/anti%20gravity%20project/frontend/node_modules/vite/dist/node/chunks/node.js:30141:14)
      at async loadAndTransform (file:///C:/Users/princ/Desktop/anti%20gravity%20project/frontend/node_modules/vite/dist/node/chunks/node.js:24489:26)
[2m10:58:45 pm[22m [31m[1m[vite][22m[39m [31m[2m(client)[22m[39m Pre-transform error: Failed to resolve import "recharts" from "src/components/RoomStats.jsx". Does the file exist?
  Plugin: [35mvite:import-analysis[39m
  File: [36mC:/Users/princ/Desktop/anti gravity project/frontend/src/components/RoomStats.jsx[39m:3:95
[33m  1  |  import React, { useState, useEffect } from "react";
  2  |  import { X, MessageSquare, Users, Award, BarChart3, TrendingUp } from "lucide-react";
  3  |  import { BarChart, Bar, XAxis, YAxis, CartesianGrid, Tooltip, ResponsiveContainer, Cell } from "recharts";
     |                                                                                                  ^
  4  |  import "./RoomStats.css";
  5  |  var _jsxFileName = "C:/Users/princ/Desktop/anti gravity project/frontend/src/components/RoomStats.jsx";[39m
[2m10:58:45 pm[22m [31m[1m[vite][22m[39m [31m[2m(client)[22m[39m Pre-transform error: Failed to resolve import "recharts" from "src/components/RoomStats.jsx". Does the file exist?
  Plugin: [35mvite:import-analysis[39m
  File: [36mC:/Users/princ/Desktop/anti gravity project/frontend/src/components/RoomStats.jsx[39m:3:95
[33m  1  |  import React, { useState, useEffect } from "react";
  2  |  import { X, MessageSquare, Users, Award, BarChart3, TrendingUp } from "lucide-react";
  3  |  import { BarChart, Bar, XAxis, YAxis, CartesianGrid, Tooltip, ResponsiveContainer, Cell } from "recharts";
     |                                                                                                  ^
  4  |  import "./RoomStats.css";
  5  |  var _jsxFileName = "C:/Users/princ/Desktop/anti gravity project/frontend/src/components/RoomStats.jsx";[39m
[2m10:58:45 pm[22m [36m[1m[vite][22m[39m [90m[2m(client)[22m[39m [32m✨ new dependencies optimized: [33mzod[32m[39m
[2m11:00:31 pm[22m [31m[1m[vite][22m[39m [31m[2m(client)[22m[39m Pre-transform error: Failed to resolve import "canvas-confetti" from "src/components/Chat.jsx". Does the file exist?
  Plugin: [35mvite:import-analysis[39m
  File: [36mC:/Users/princ/Desktop/anti gravity project/frontend/src/components/Chat.jsx[39m:12:21
[33m  10 |  import FileGallery from "./FileGallery";
  11 |  import RoomStats from "./RoomStats";
  12 |  import confetti from "canvas-confetti";
     |                        ^
  13 |  import "./Chat.css";
  14 |  var _jsxFileName = "C:/Users/princ/Desktop/anti gravity project/frontend/src/components/Chat.jsx";[39m
[2m11:00:31 pm[22m [31m[1m[vite][22m[39m [31mInternal server error: Failed to resolve import "canvas-confetti" from "src/components/Chat.jsx". Does the file exist?[39m
  Plugin: [35mvite:import-analysis[39m
  File: [36mC:/Users/princ/Desktop/anti gravity project/frontend/src/components/Chat.jsx[39m:12:21
[33m  10 |  import FileGallery from "./FileGallery";
  11 |  import RoomStats from "./RoomStats";
  12 |  import confetti from "canvas-confetti";
     |                        ^
  13 |  import "./Chat.css";
  14 |  var _jsxFileName = "C:/Users/princ/Desktop/anti gravity project/frontend/src/components/Chat.jsx";[39m
      at TransformPluginContext._formatLog (file:///C:/Users/princ/Desktop/anti%20gravity%20project/frontend/node_modules/vite/dist/node/chunks/node.js:30352:39)
      at TransformPluginContext.error (file:///C:/Users/princ/Desktop/anti%20gravity%20project/frontend/node_modules/vite/dist/node/chunks/node.js:30349:14)
      at normalizeUrl (file:///C:/Users/princ/Desktop/anti%20gravity%20project/frontend/node_modules/vite/dist/node/chunks/node.js:27631:18)
      at async file:///C:/Users/princ/Desktop/anti%20gravity%20project/frontend/node_modules/vite/dist/node/chunks/node.js:27694:30
      at async Promise.all (index 11)
      at async TransformPluginContext.transform (file:///C:/Users/princ/Desktop/anti%20gravity%20project/frontend/node_modules/vite/dist/node/chunks/node.js:27662:4)
      at async EnvironmentPluginContainer.transform (file:///C:/Users/princ/Desktop/anti%20gravity%20project/frontend/node_modules/vite/dist/node/chunks/node.js:30141:14)
      at async loadAndTransform (file:///C:/Users/princ/Desktop/anti%20gravity%20project/frontend/node_modules/vite/dist/node/chunks/node.js:24489:26)
[2m11:00:31 pm[22m [31m[1m[vite][22m[39m [31m[2m(client)[22m[39m Pre-transform error: Failed to resolve import "recharts" from "src/components/RoomStats.jsx". Does the file exist?
  Plugin: [35mvite:import-analysis[39m
  File: [36mC:/Users/princ/Desktop/anti gravity project/frontend/src/components/RoomStats.jsx[39m:3:95
[33m  1  |  import React, { useState, useEffect } from "react";
  2  |  import { X, MessageSquare, Users, Award, BarChart3, TrendingUp } from "lucide-react";
  3  |  import { BarChart, Bar, XAxis, YAxis, CartesianGrid, Tooltip, ResponsiveContainer, Cell } from "recharts";
     |                                                                                                  ^
  4  |  import "./RoomStats.css";
  5  |  var _jsxFileName = "C:/Users/princ/Desktop/anti gravity project/frontend/src/components/RoomStats.jsx";[39m
[2m11:00:31 pm[22m [31m[1m[vite][22m[39m [31m[2m(client)[22m[39m Pre-transform error: Failed to resolve import "recharts" from "src/components/RoomStats.jsx". Does the file exist?
  Plugin: [35mvite:import-analysis[39m
  File: [36mC:/Users/princ/Desktop/anti gravity project/frontend/src/components/RoomStats.jsx[39m:3:95
[33m  1  |  import React, { useState, useEffect } from "react";
  2  |  import { X, MessageSquare, Users, Award, BarChart3, TrendingUp } from "lucide-react";
  3  |  import { BarChart, Bar, XAxis, YAxis, CartesianGrid, Tooltip, ResponsiveContainer, Cell } from "recharts";
     |                                                                                                  ^
  4  |  import "./RoomStats.css";
  5  |  var _jsxFileName = "C:/Users/princ/Desktop/anti gravity project/frontend/src/components/RoomStats.jsx";[39m
[2m11:00:32 pm[22m [31m[1m[vite][22m[39m [31m[2m(client)[22m[39m Pre-transform error: Failed to resolve import "canvas-confetti" from "src/components/Chat.jsx". Does the file exist?
  Plugin: [35mvite:import-analysis[39m
  File: [36mC:/Users/princ/Desktop/anti gravity project/frontend/src/components/Chat.jsx[39m:12:21
[33m  10 |  import FileGallery from "./FileGallery";
  11 |  import RoomStats from "./RoomStats";
  12 |  import confetti from "canvas-confetti";
     |                        ^
  13 |  import "./Chat.css";
  14 |  var _jsxFileName = "C:/Users/princ/Desktop/anti gravity project/frontend/src/components/Chat.jsx";[39m
[2m11:00:32 pm[22m [31m[1m[vite][22m[39m [31mInternal server error: Failed to resolve import "canvas-confetti" from "src/components/Chat.jsx". Does the file exist?[39m
  Plugin: [35mvite:import-analysis[39m
  File: [36mC:/Users/princ/Desktop/anti gravity project/frontend/src/components/Chat.jsx[39m:12:21
[33m  10 |  import FileGallery from "./FileGallery";
  11 |  import RoomStats from "./RoomStats";
  12 |  import confetti from "canvas-confetti";
     |                        ^
  13 |  import "./Chat.css";
  14 |  var _jsxFileName = "C:/Users/princ/Desktop/anti gravity project/frontend/src/components/Chat.jsx";[39m
      at TransformPluginContext._formatLog (file:///C:/Users/princ/Desktop/anti%20gravity%20project/frontend/node_modules/vite/dist/node/chunks/node.js:30352:39)
      at TransformPluginContext.error (file:///C:/Users/princ/Desktop/anti%20gravity%20project/frontend/node_modules/vite/dist/node/chunks/node.js:30349:14)
      at normalizeUrl (file:///C:/Users/princ/Desktop/anti%20gravity%20project/frontend/node_modules/vite/dist/node/chunks/node.js:27631:18)
      at async file:///C:/Users/princ/Desktop/anti%20gravity%20project/frontend/node_modules/vite/dist/node/chunks/node.js:27694:30
      at async Promise.all (index 11)
      at async TransformPluginContext.transform (file:///C:/Users/princ/Desktop/anti%20gravity%20project/frontend/node_modules/vite/dist/node/chunks/node.js:27662:4)
      at async EnvironmentPluginContainer.transform (file:///C:/Users/princ/Desktop/anti%20gravity%20project/frontend/node_modules/vite/dist/node/chunks/node.js:30141:14)
      at async loadAndTransform (file:///C:/Users/princ/Desktop/anti%20gravity%20project/frontend/node_modules/vite/dist/node/chunks/node.js:24489:26)
[2m11:00:32 pm[22m [31m[1m[vite][22m[39m [31m[2m(client)[22m[39m Pre-transform error: Failed to resolve import "recharts" from "src/components/RoomStats.jsx". Does the file exist?
  Plugin: [35mvite:import-analysis[39m
  File: [36mC:/Users/princ/Desktop/anti gravity project/frontend/src/components/RoomStats.jsx[39m:3:95
[33m  1  |  import React, { useState, useEffect } from "react";
  2  |  import { X, MessageSquare, Users, Award, BarChart3, TrendingUp } from "lucide-react";
  3  |  import { BarChart, Bar, XAxis, YAxis, CartesianGrid, Tooltip, ResponsiveContainer, Cell } from "recharts";
     |                                                                                                  ^
  4  |  import "./RoomStats.css";
  5  |  var _jsxFileName = "C:/Users/princ/Desktop/anti gravity project/frontend/src/components/RoomStats.jsx";[39m
[2m11:00:32 pm[22m [31m[1m[vite][22m[39m [31m[2m(client)[22m[39m Pre-transform error: Failed to resolve import "recharts" from "src/components/RoomStats.jsx". Does the file exist?
  Plugin: [35mvite:import-analysis[39m
  File: [36mC:/Users/princ/Desktop/anti gravity project/frontend/src/components/RoomStats.jsx[39m:3:95
[33m  1  |  import React, { useState, useEffect } from "react";
  2  |  import { X, MessageSquare, Users, Award, BarChart3, TrendingUp } from "lucide-react";
  3  |  import { BarChart, Bar, XAxis, YAxis, CartesianGrid, Tooltip, ResponsiveContainer, Cell } from "recharts";
     |                                                                                                  ^
  4  |  import "./RoomStats.css";
  5  |  var _jsxFileName = "C:/Users/princ/Desktop/anti gravity project/frontend/src/components/RoomStats.jsx";[39m
[2m11:00:32 pm[22m [31m[1m[vite][22m[39m [31m[2m(client)[22m[39m Pre-transform error: Failed to resolve import "canvas-confetti" from "src/components/Chat.jsx". Does the file exist?
  Plugin: [35mvite:import-analysis[39m
  File: [36mC:/Users/princ/Desktop/anti gravity project/frontend/src/components/Chat.jsx[39m:12:21
[33m  10 |  import FileGallery from "./FileGallery";
  11 |  import RoomStats from "./RoomStats";
  12 |  import confetti from "canvas-confetti";
     |                        ^
  13 |  import "./Chat.css";
  14 |  var _jsxFileName = "C:/Users/princ/Desktop/anti gravity project/frontend/src/components/Chat.jsx";[39m
[2m11:00:32 pm[22m [31m[1m[vite][22m[39m [31mInternal server error: Failed to resolve import "canvas-confetti" from "src/components/Chat.jsx". Does the file exist?[39m
  Plugin: [35mvite:import-analysis[39m
  File: [36mC:/Users/princ/Desktop/anti gravity project/frontend/src/components/Chat.jsx[39m:12:21
[33m  10 |  import FileGallery from "./FileGallery";
  11 |  import RoomStats from "./RoomStats";
  12 |  import confetti from "canvas-confetti";
     |                        ^
  13 |  import "./Chat.css";
  14 |  var _jsxFileName = "C:/Users/princ/Desktop/anti gravity project/frontend/src/components/Chat.jsx";[39m
      at TransformPluginContext._formatLog (file:///C:/Users/princ/Desktop/anti%20gravity%20project/frontend/node_modules/vite/dist/node/chunks/node.js:30352:39)
      at TransformPluginContext.error (file:///C:/Users/princ/Desktop/anti%20gravity%20project/frontend/node_modules/vite/dist/node/chunks/node.js:30349:14)
      at normalizeUrl (file:///C:/Users/princ/Desktop/anti%20gravity%20project/frontend/node_modules/vite/dist/node/chunks/node.js:27631:18)
      at async file:///C:/Users/princ/Desktop/anti%20gravity%20project/frontend/node_modules/vite/dist/node/chunks/node.js:27694:30
      at async Promise.all (index 11)
      at async TransformPluginContext.transform (file:///C:/Users/princ/Desktop/anti%20gravity%20project/frontend/node_modules/vite/dist/node/chunks/node.js:27662:4)
      at async EnvironmentPluginContainer.transform (file:///C:/Users/princ/Desktop/anti%20gravity%20project/frontend/node_modules/vite/dist/node/chunks/node.js:30141:14)
      at async loadAndTransform (file:///C:/Users/princ/Desktop/anti%20gravity%20project/frontend/node_modules/vite/dist/node/chunks/node.js:24489:26)
[2m11:00:32 pm[22m [31m[1m[vite][22m[39m [31m[2m(client)[22m[39m Pre-transform error: Failed to resolve import "recharts" from "src/components/RoomStats.jsx". Does the file exist?
  Plugin: [35mvite:import-analysis[39m
  File: [36mC:/Users/princ/Desktop/anti gravity project/frontend/src/components/RoomStats.jsx[39m:3:95
[33m  1  |  import React, { useState, useEffect } from "react";
  2  |  import { X, MessageSquare, Users, Award, BarChart3, TrendingUp } from "lucide-react";
  3  |  import { BarChart, Bar, XAxis, YAxis, CartesianGrid, Tooltip, ResponsiveContainer, Cell } from "recharts";
     |                                                                                                  ^
  4  |  import "./RoomStats.css";
  5  |  var _jsxFileName = "C:/Users/princ/Desktop/anti gravity project/frontend/src/components/RoomStats.jsx";[39m
[2m11:00:32 pm[22m [31m[1m[vite][22m[39m [31m[2m(client)[22m[39m Pre-transform error: Failed to resolve import "recharts" from "src/components/RoomStats.jsx". Does the file exist?
  Plugin: [35mvite:import-analysis[39m
  File: [36mC:/Users/princ/Desktop/anti gravity project/frontend/src/components/RoomStats.jsx[39m:3:95
[33m  1  |  import React, { useState, useEffect } from "react";
  2  |  import { X, MessageSquare, Users, Award, BarChart3, TrendingUp } from "lucide-react";
  3  |  import { BarChart, Bar, XAxis, YAxis, CartesianGrid, Tooltip, ResponsiveContainer, Cell } from "recharts";
     |                                                                                                  ^
  4  |  import "./RoomStats.css";
  5  |  var _jsxFileName = "C:/Users/princ/Desktop/anti gravity project/frontend/src/components/RoomStats.jsx";[39m
[2m11:08:13 pm[22m [36m[1m[vite][22m[39m [90m[2m(client)[22m[39m [32mhmr update [39m[2m/src/components/Login.css[22m
[2m11:09:33 pm[22m [36m[1m[vite][22m[39m [90m[2m(client)[22m[39m [32mhmr update [39m[2m/src/components/Login.jsx[22m
[2m11:15:50 pm[22m [36m[1m[vite][22m[39m [90m[2m(client)[22m[39m [32mhmr update [39m[2m/src/components/Login.css[22m
[2m11:15:56 pm[22m [36m[1m[vite][22m[39m [90m[2m(client)[22m[39m [32mhmr update [39m[2m/src/components/Login.jsx[22m
[2m11:15:57 pm[22m [36m[1m[vite][22m[39m [90m[2m(client)[22m[39m [32mhmr update [39m[2m/src/components/Login.jsx[22m
[2m11:16:19 pm[22m [31m[1m[vite][22m[39m [31m[2m(client)[22m[39m Pre-transform error: Failed to resolve import "canvas-confetti" from "src/components/Chat.jsx". Does the file exist?
  Plugin: [35mvite:import-analysis[39m
  File: [36mC:/Users/princ/Desktop/anti gravity project/frontend/src/components/Chat.jsx[39m:12:21
[33m  10 |  import FileGallery from "./FileGallery";
  11 |  import RoomStats from "./RoomStats";
  12 |  import confetti from "canvas-confetti";
     |                        ^
  13 |  import "./Chat.css";
  14 |  var _jsxFileName = "C:/Users/princ/Desktop/anti gravity project/frontend/src/components/Chat.jsx";[39m
[2m11:16:19 pm[22m [31m[1m[vite][22m[39m [31m[2m(client)[22m[39m Pre-transform error: Failed to resolve import "canvas-confetti" from "src/components/Chat.jsx". Does the file exist?
  Plugin: [35mvite:import-analysis[39m
  File: [36mC:/Users/princ/Desktop/anti gravity project/frontend/src/components/Chat.jsx[39m:12:21
[33m  10 |  import FileGallery from "./FileGallery";
  11 |  import RoomStats from "./RoomStats";
  12 |  import confetti from "canvas-confetti";
     |                        ^
  13 |  import "./Chat.css";
  14 |  var _jsxFileName = "C:/Users/princ/Desktop/anti gravity project/frontend/src/components/Chat.jsx";[39m
[2m11:16:19 pm[22m [31m[1m[vite][22m[39m [31m[2m(client)[22m[39m Pre-transform error: Failed to resolve import "recharts" from "src/components/RoomStats.jsx". Does the file exist?
  Plugin: [35mvite:import-analysis[39m
  File: [36mC:/Users/princ/Desktop/anti gravity project/frontend/src/components/RoomStats.jsx[39m:3:95
[33m  1  |  import React, { useState, useEffect } from "react";
  2  |  import { X, MessageSquare, Users, Award, BarChart3, TrendingUp } from "lucide-react";
  3  |  import { BarChart, Bar, XAxis, YAxis, CartesianGrid, Tooltip, ResponsiveContainer, Cell } from "recharts";
     |                                                                                                  ^
  4  |  import "./RoomStats.css";
  5  |  var _jsxFileName = "C:/Users/princ/Desktop/anti gravity project/frontend/src/components/RoomStats.jsx";[39m
[2m11:16:19 pm[22m [31m[1m[vite][22m[39m [31m[2m(client)[22m[39m Pre-transform error: Failed to resolve import "recharts" from "src/components/RoomStats.jsx". Does the file exist?
  Plugin: [35mvite:import-analysis[39m
  File: [36mC:/Users/princ/Desktop/anti gravity project/frontend/src/components/RoomStats.jsx[39m:3:95
[33m  1  |  import React, { useState, useEffect } from "react";
  2  |  import { X, MessageSquare, Users, Award, BarChart3, TrendingUp } from "lucide-react";
  3  |  import { BarChart, Bar, XAxis, YAxis, CartesianGrid, Tooltip, ResponsiveContainer, Cell } from "recharts";
     |                                                                                                  ^
  4  |  import "./RoomStats.css";
  5  |  var _jsxFileName = "C:/Users/princ/Desktop/anti gravity project/frontend/src/components/RoomStats.jsx";[39m
[2m11:16:19 pm[22m [31m[1m[vite][22m[39m [31m[2m(client)[22m[39m Pre-transform error: Failed to resolve import "canvas-confetti" from "src/components/Chat.jsx". Does the file exist?
  Plugin: [35mvite:import-analysis[39m
  File: [36mC:/Users/princ/Desktop/anti gravity project/frontend/src/components/Chat.jsx[39m:12:21
[33m  10 |  import FileGallery from "./FileGallery";
  11 |  import RoomStats from "./RoomStats";
  12 |  import confetti from "canvas-confetti";
     |                        ^
  13 |  import "./Chat.css";
  14 |  var _jsxFileName = "C:/Users/princ/Desktop/anti gravity project/frontend/src/components/Chat.jsx";[39m
[2m11:16:19 pm[22m [31m[1m[vite][22m[39m [31mInternal server error: Failed to resolve import "canvas-confetti" from "src/components/Chat.jsx". Does the file exist?[39m
  Plugin: [35mvite:import-analysis[39m
  File: [36mC:/Users/princ/Desktop/anti gravity project/frontend/src/components/Chat.jsx[39m:12:21
[33m  10 |  import FileGallery from "./FileGallery";
  11 |  import RoomStats from "./RoomStats";
  12 |  import confetti from "canvas-confetti";
     |                        ^
  13 |  import "./Chat.css";
  14 |  var _jsxFileName = "C:/Users/princ/Desktop/anti gravity project/frontend/src/components/Chat.jsx";[39m
      at TransformPluginContext._formatLog (file:///C:/Users/princ/Desktop/anti%20gravity%20project/frontend/node_modules/vite/dist/node/chunks/node.js:30352:39)
      at TransformPluginContext.error (file:///C:/Users/princ/Desktop/anti%20gravity%20project/frontend/node_modules/vite/dist/node/chunks/node.js:30349:14)
      at normalizeUrl (file:///C:/Users/princ/Desktop/anti%20gravity%20project/frontend/node_modules/vite/dist/node/chunks/node.js:27631:18)
      at async file:///C:/Users/princ/Desktop/anti%20gravity%20project/frontend/node_modules/vite/dist/node/chunks/node.js:27694:30
      at async Promise.all (index 11)
      at async TransformPluginContext.transform (file:///C:/Users/princ/Desktop/anti%20gravity%20project/frontend/node_modules/vite/dist/node/chunks/node.js:27662:4)
      at async EnvironmentPluginContainer.transform (file:///C:/Users/princ/Desktop/anti%20gravity%20project/frontend/node_modules/vite/dist/node/chunks/node.js:30141:14)
      at async loadAndTransform (file:///C:/Users/princ/Desktop/anti%20gravity%20project/frontend/node_modules/vite/dist/node/chunks/node.js:24489:26)
[2m11:16:19 pm[22m [31m[1m[vite][22m[39m [31m[2m(client)[22m[39m Pre-transform error: Failed to resolve import "recharts" from "src/components/RoomStats.jsx". Does the file exist?
  Plugin: [35mvite:import-analysis[39m
  File: [36mC:/Users/princ/Desktop/anti gravity project/frontend/src/components/RoomStats.jsx[39m:3:95
[33m  1  |  import React, { useState, useEffect } from "react";
  2  |  import { X, MessageSquare, Users, Award, BarChart3, TrendingUp } from "lucide-react";
  3  |  import { BarChart, Bar, XAxis, YAxis, CartesianGrid, Tooltip, ResponsiveContainer, Cell } from "recharts";
     |                                                                                                  ^
  4  |  import "./RoomStats.css";
  5  |  var _jsxFileName = "C:/Users/princ/Desktop/anti gravity project/frontend/src/components/RoomStats.jsx";[39m
[2m11:16:19 pm[22m [31m[1m[vite][22m[39m [31m[2m(client)[22m[39m Pre-transform error: Failed to resolve import "recharts" from "src/components/RoomStats.jsx". Does the file exist?
  Plugin: [35mvite:import-analysis[39m
  File: [36mC:/Users/princ/Desktop/anti gravity project/frontend/src/components/RoomStats.jsx[39m:3:95
[33m  1  |  import React, { useState, useEffect } from "react";
  2  |  import { X, MessageSquare, Users, Award, BarChart3, TrendingUp } from "lucide-react";
  3  |  import { BarChart, Bar, XAxis, YAxis, CartesianGrid, Tooltip, ResponsiveContainer, Cell } from "recharts";
     |                                                                                                  ^
  4  |  import "./RoomStats.css";
  5  |  var _jsxFileName = "C:/Users/princ/Desktop/anti gravity project/frontend/src/components/RoomStats.jsx";[39m
[2m11:28:48 pm[22m [36m[1m[vite][22m[39m [90m[2m(client)[22m[39m [32mhmr update [39m[2m/src/App.jsx[22m
[2m11:30:14 pm[22m [36m[1m[vite][22m[39m [90m[2m(client)[22m[39m [32mhmr update [39m[2m/src/components/Login.jsx[22m
[2m11:30:49 pm[22m [36m[1m[vite][22m[39m [90m[2m(client)[22m[39m [32mhmr update [39m[2m/src/components/Login.css[22m
[2m11:31:22 pm[22m [36m[1m[vite][22m[39m [90m[2m(client)[22m[39m [32mhmr update [39m[2m/src/App.jsx[22m
[2m11:31:55 pm[22m [36m[1m[vite][22m[39m [90m[2m(client)[22m[39m [32mhmr update [39m[2m/src/App.jsx[22m
[2m11:32:53 pm[22m [36m[1m[vite][22m[39m [90m[2m(client)[22m[39m [32mhmr update [39m[2m/src/components/Chat.css[22m
[2m11:33:06 pm[22m [36m[1m[vite][22m[39m [32m.env changed, restarting server...[39m
[2m11:33:06 pm[22m [36m[1m[vite][22m[39m server restarted.
[2m11:42:12 pm[22m [36m[1m[vite][22m[39m [32m.env changed, restarting server...[39m
[2m11:42:12 pm[22m [36m[1m[vite][22m[39m [90m[2m(client)[22m[39m Re-optimizing dependencies because lockfile has changed
[2m11:42:12 pm[22m [36m[1m[vite][22m[39m server restarted.
[2m11:42:13 pm[22m [36m[1m[vite][22m[39m [90m[2m(client)[22m[39m [optimizer] bundling dependencies...
[2m11:45:07 pm[22m [36m[1m[vite][22m[39m [32m.env changed, restarting server...[39m
[2m11:45:07 pm[22m [36m[1m[vite][22m[39m server restarted.
[2m12:10:55 am[22m [36m[1m[vite][22m[39m [32m.env changed, restarting server...[39m
[2m12:10:55 am[22m [36m[1m[vite][22m[39m [90m[2m(client)[22m[39m Re-optimizing dependencies because vite config has changed
[2m12:10:55 am[22m [36m[1m[vite][22m[39m server restarted.
[2m12:10:56 am[22m [36m[1m[vite][22m[39m [90m[2m(client)[22m[39m [optimizer] bundling dependencies...
[2m12:10:58 am[22m [36m[1m[vite][22m[39m [32m.env changed, restarting server...[39m
[2m12:10:58 am[22m [36m[1m[vite][22m[39m [90m[2m(client)[22m[39m Re-optimizing dependencies because vite config has changed
[2m12:10:58 am[22m [36m[1m[vite][22m[39m server restarted.
[2m12:10:59 am[22m [36m[1m[vite][22m[39m [90m[2m(client)[22m[39m [optimizer] bundling dependencies...
[2m12:11:00 am[22m [36m[1m[vite][22m[39m [32m.env changed, restarting server...[39m
[2m12:11:01 am[22m [36m[1m[vite][22m[39m server restarted.
[2m12:11:02 am[22m [36m[1m[vite][22m[39m [32m.env changed, restarting server...[39m
[2m12:11:02 am[22m [36m[1m[vite][22m[39m [90m[2m(client)[22m[39m Re-optimizing dependencies because vite config has changed
[2m12:11:02 am[22m [36m[1m[vite][22m[39m server restarted.
[2m12:11:03 am[22m [36m[1m[vite][22m[39m [90m[2m(client)[22m[39m [optimizer] bundling dependencies...
[2m12:11:07 am[22m [36m[1m[vite][22m[39m [32m.env changed, restarting server...[39m
[2m12:11:07 am[22m [36m[1m[vite][22m[39m server restarted.
[2m12:11:23 am[22m [36m[1m[vite][22m[39m [32m.env changed, restarting server...[39m
[2m12:11:23 am[22m [36m[1m[vite][22m[39m [90m[2m(client)[22m[39m Re-optimizing dependencies because vite config has changed
[2m12:11:23 am[22m [36m[1m[vite][22m[39m server restarted.
[2m12:11:24 am[22m [36m[1m[vite][22m[39m [90m[2m(client)[22m[39m [optimizer] bundling dependencies...
